<?xml version="1.0" encoding="UTF-8" ?>
<testsuite failures="0" time="0.043" errors="0" skipped="0" tests="13" name="creatures.SmartCreatureTest">
  <properties>
[...]
</properties>
  <testcase time="0.012" classname="creatures.SmartCreatureTest" name="testDirectRightUp"/>
  <testcase time="0.001" classname="creatures.SmartCreatureTest" name="testDirectTop"/>
  <testcase time="0.002" classname="creatures.SmartCreatureTest" name="testDirectDownLeft"/>
  <testcase time="0.001" classname="creatures.SmartCreatureTest" name="testDirectDownRight"/>
  <testcase time="0.001" classname="creatures.SmartCreatureTest" name="testDirectLeftDown"/>
  <testcase time="0.001" classname="creatures.SmartCreatureTest" name="testSpecialCorner"/>
  <testcase time="0.001" classname="creatures.SmartCreatureTest" name="testDirectUpRight"/>
  <testcase time="0.001" classname="creatures.SmartCreatureTest" name="testDirectBottom"/>
  <testcase time="0.001" classname="creatures.SmartCreatureTest" name="testUpperRightCorner30"/>
  <testcase time="0.001" classname="creatures.SmartCreatureTest" name="testUpperRightCorner45"/>
  <testcase time="0.002" classname="creatures.SmartCreatureTest" name="testDirectLeftUp"/>
  <testcase time="0.002" classname="creatures.SmartCreatureTest" name="testDirectRightDown"/>
  <testcase time="0.001" classname="creatures.SmartCreatureTest" name="testDirectUpLeft"/>
</testsuite>