<?xml version="1.0" encoding="UTF-8" ?>
<testsuite failures="0" time="0.366" errors="0" skipped="0" tests="12" name="creatures.BouncingCreatureTest">
  <properties>
[...]
</properties>
  <testcase time="0.045" classname="creatures.BouncingCreatureTest" name="testDirectRightUp"/>
  <testcase time="0" classname="creatures.BouncingCreatureTest" name="testDirectDownLeft"/>
  <testcase time="0" classname="creatures.BouncingCreatureTest" name="testDirectDownRight"/>
  <testcase time="0.001" classname="creatures.BouncingCreatureTest" name="testDirectLeftDown"/>
  <testcase time="0.001" classname="creatures.BouncingCreatureTest" name="testSpecialCorner"/>
  <testcase time="0" classname="creatures.BouncingCreatureTest" name="testDirectUpRight"/>
  <testcase time="0" classname="creatures.BouncingCreatureTest" name="testDirectBottom"/>
  <testcase time="0" classname="creatures.BouncingCreatureTest" name="testUpperRightCorner30"/>
  <testcase time="0.001" classname="creatures.BouncingCreatureTest" name="testUpperRightCorner45"/>
  <testcase time="0.001" classname="creatures.BouncingCreatureTest" name="testDirectLeftUp"/>
  <testcase time="0" classname="creatures.BouncingCreatureTest" name="testDirectRightDown"/>
  <testcase time="0.001" classname="creatures.BouncingCreatureTest" name="testDirectUpLeft"/>
</testsuite>